Using pre-set license
Built from '2021.1/staging' branch; Version is '2021.1.11f1 (4d8c25f7477e) revision 5082149'; Using compiler version '192528614'; Build Type 'Release'
OS: 'Windows 10 Education; OS build 19043.1110; Version 2009; 64bit' Language: 'es' Physical Memory: 8149 MB
BatchMode: 1, IsHumanControllingUs: 0, StartBugReporterOnCrash: 0, Is64bit: 1, IsPro: 0

 COMMAND LINE ARGUMENTS:
C:\Program Files\Unity\Hub\Editor\2021.1.11f1\Editor\Unity.exe
-adb2
-batchMode
-noUpm
-name
AssetImportWorker0
-projectPath
C:/Users/germanip/Documents/GitHub/Redes/UDP_SERIALIZE
-logFile
Logs/AssetImportWorker0.log
-srvPort
54826
Successfully changed project path to: C:/Users/germanip/Documents/GitHub/Redes/UDP_SERIALIZE
C:/Users/germanip/Documents/GitHub/Redes/UDP_SERIALIZE
Using Asset Import Pipeline V2.
Refreshing native plugins compatible for Editor in 111.47 ms, found 3 plugins.
Preloading 0 native plugins for Editor in 0.00 ms.
Initialize engine version: 2021.1.11f1 (4d8c25f7477e)
[Subsystems] Discovering subsystems at path C:/Program Files/Unity/Hub/Editor/2021.1.11f1/Editor/Data/Resources/UnitySubsystems
[Subsystems] Discovering subsystems at path C:/Users/germanip/Documents/GitHub/Redes/UDP_SERIALIZE/Assets
GfxDevice: creating device client; threaded=0; jobified=0
Direct3D:
    Version:  Direct3D 11.0 [level 11.0]
    Renderer: AMD Radeon HD 6450 (ID=0x6779)
    Vendor:   ATI
    VRAM:     1008 MB
    Driver:   15.200.1062.1004
Initialize mono
Mono path[0] = 'C:/Program Files/Unity/Hub/Editor/2021.1.11f1/Editor/Data/Managed'
Mono path[1] = 'C:/Program Files/Unity/Hub/Editor/2021.1.11f1/Editor/Data/MonoBleedingEdge/lib/mono/unityjit'
Mono config path = 'C:/Program Files/Unity/Hub/Editor/2021.1.11f1/Editor/Data/MonoBleedingEdge/etc'
Using monoOptions --debugger-agent=transport=dt_socket,embedding=1,server=y,suspend=n,address=127.0.0.1:56816
Begin MonoManager ReloadAssembly
Registering precompiled unity dll's ...
Register platform support module: C:/Program Files/Unity/Hub/Editor/2021.1.11f1/Editor/Data/PlaybackEngines/MacStandaloneSupport/UnityEditor.OSXStandalone.Extensions.dll
Register platform support module: C:/Program Files/Unity/Hub/Editor/2021.1.11f1/Editor/Data/PlaybackEngines/WindowsStandaloneSupport/UnityEditor.WindowsStandalone.Extensions.dll
Registered in 0.002420 seconds.
Native extension for WindowsStandalone target not found
Native extension for OSXStandalone target not found
Refreshing native plugins compatible for Editor in 205.63 ms, found 3 plugins.
Preloading 0 native plugins for Editor in 0.00 ms.
Mono: successfully reloaded assembly
- Completed reload, in  2.810 seconds
Domain Reload Profiling:
	ReloadAssembly (2810ms)
		BeginReloadAssembly (75ms)
			ExecutionOrderSort (0ms)
			DisableScriptedObjects (0ms)
			BackupInstance (0ms)
			ReleaseScriptingObjects (0ms)
			CreateAndSetChildDomain (1ms)
		EndReloadAssembly (791ms)
			LoadAssemblies (73ms)
			RebuildTransferFunctionScriptingTraits (0ms)
			SetupTypeCache (248ms)
			ReleaseScriptCaches (0ms)
			RebuildScriptCaches (56ms)
			SetupLoadedEditorAssemblies (422ms)
				LogAssemblyErrors (0ms)
				InitializePlatformSupportModulesInManaged (9ms)
				SetLoadedEditorAssemblies (0ms)
				RefreshPlugins (206ms)
				BeforeProcessingInitializeOnLoad (2ms)
				ProcessInitializeOnLoadAttributes (148ms)
				ProcessInitializeOnLoadMethodAttributes (55ms)
				AfterProcessingInitializeOnLoad (0ms)
				EditorAssembliesLoaded (0ms)
			ExecutionOrderSort2 (0ms)
			AwakeInstancesAfterBackupRestoration (0ms)
Platform modules already initialized, skipping
Registering precompiled user dll's ...
Registered in 0.007870 seconds.
Begin MonoManager ReloadAssembly
Symbol file LoadedFromMemory doesn't match image C:\Users\germanip\Documents\GitHub\Redes\UDP_SERIALIZE\Library\PackageCache\com.unity.visualscripting@1.6.1\Editor\VisualScripting.Core\Dependencies\YamlDotNet\Unity.VisualScripting.YamlDotNet.dll
Symbol file LoadedFromMemory doesn't match image C:\Users\germanip\Documents\GitHub\Redes\UDP_SERIALIZE\Library\PackageCache\com.unity.visualscripting@1.6.1\Editor\VisualScripting.Core\Dependencies\DotNetZip\Unity.VisualScripting.IonicZip.dll
Native extension for WindowsStandalone target not found
Native extension for OSXStandalone target not found
Refreshing native plugins compatible for Editor in 0.84 ms, found 3 plugins.
Preloading 0 native plugins for Editor in 0.00 ms.
Mono: successfully reloaded assembly
- Completed reload, in  1.662 seconds
Domain Reload Profiling:
	ReloadAssembly (1663ms)
		BeginReloadAssembly (220ms)
			ExecutionOrderSort (0ms)
			DisableScriptedObjects (7ms)
			BackupInstance (0ms)
			ReleaseScriptingObjects (0ms)
			CreateAndSetChildDomain (25ms)
		EndReloadAssembly (1356ms)
			LoadAssemblies (143ms)
			RebuildTransferFunctionScriptingTraits (0ms)
			SetupTypeCache (538ms)
			ReleaseScriptCaches (1ms)
			RebuildScriptCaches (72ms)
			SetupLoadedEditorAssemblies (470ms)
				LogAssemblyErrors (0ms)
				InitializePlatformSupportModulesInManaged (7ms)
				SetLoadedEditorAssemblies (1ms)
				RefreshPlugins (1ms)
				BeforeProcessingInitializeOnLoad (98ms)
				ProcessInitializeOnLoadAttributes (351ms)
				ProcessInitializeOnLoadMethodAttributes (7ms)
				AfterProcessingInitializeOnLoad (5ms)
				EditorAssembliesLoaded (1ms)
			ExecutionOrderSort2 (0ms)
			AwakeInstancesAfterBackupRestoration (15ms)
Platform modules already initialized, skipping
========================================================================
Worker process is ready to serve import requests
Launched and connected shader compiler UnityShaderCompiler.exe after 0.05 seconds
Refreshing native plugins compatible for Editor in 0.88 ms, found 3 plugins.
Preloading 0 native plugins for Editor in 0.00 ms.
Unloading 2940 Unused Serialized files (Serialized files now loaded: 0)
System memory in use before: 105.6 MB.
System memory in use after: 105.7 MB.

Unloading 23 unused Assets to reduce memory usage. Loaded Objects now: 3384.
Total: 3.028800 ms (FindLiveObjects: 0.279700 ms CreateObjectMapping: 0.121200 ms MarkObjects: 2.512700 ms  DeleteObjects: 0.113100 ms)

AssetImportParameters requested are different than current active one (requested -> active):
  custom:framework-win-MediaFoundation: 216162199b28c13a410421893ffa2e32 -> 
  custom:video-decoder-ogg-theora: a1e56fd34408186e4bbccfd4996cb3dc -> 
  custom:container-muxer-webm: aa71ff27fc2769a1b78a27578f13a17b -> 
  custom:container-demuxer-webm: 4f35f7cbe854078d1ac9338744f61a02 -> 
  custom:container-demuxer-ogg: 62fdf1f143b41e24485cea50d1cbac27 -> 
  custom:video-encoder-webm-vp8: eb34c28f22e8b96e1ab97ce403110664 -> 
  custom:video-decoder-webm-vp8: 9c59270c3fd7afecdb556c50c9e8de78 -> 
  custom:audio-decoder-ogg-vorbis: bf7c407c2cedff20999df2af8eb42d56 -> 
  custom:audio-encoder-webm-vorbis: bf7c407c2cedff20999df2af8eb42d56 -> 
========================================================================
Received Import Request.
  path: Assets/Scripts/Server.cs
  artifactKey: Guid(27e4d83858955cf40a597a19b223fe26) Importer(815301076,1909f56bfc062723c751e8b465ee728b)
Start importing Assets/Scripts/Server.cs using Guid(27e4d83858955cf40a597a19b223fe26) Importer(815301076,1909f56bfc062723c751e8b465ee728b)  -> (artifact id: 'bc68351646b367ed4674bf9de3960276') in 0.037403 seconds 
========================================================================
Received Import Request.
  Time since last request: 161.172260 seconds.
  path: Assets/Scripts/Server.cs
  artifactKey: Guid(27e4d83858955cf40a597a19b223fe26) Importer(815301076,1909f56bfc062723c751e8b465ee728b)
Start importing Assets/Scripts/Server.cs using Guid(27e4d83858955cf40a597a19b223fe26) Importer(815301076,1909f56bfc062723c751e8b465ee728b)  -> (artifact id: 'd82f33714d90b89771db8296fc234cf2') in 0.007007 seconds 
========================================================================
Received Import Request.
  Time since last request: 11.929902 seconds.
  path: Assets/Scripts/Server.cs
  artifactKey: Guid(27e4d83858955cf40a597a19b223fe26) Importer(815301076,1909f56bfc062723c751e8b465ee728b)
Start importing Assets/Scripts/Server.cs using Guid(27e4d83858955cf40a597a19b223fe26) Importer(815301076,1909f56bfc062723c751e8b465ee728b)  -> (artifact id: '8dafd4266a6ba662364f1b96dadbb79f') in 0.004418 seconds 
========================================================================
Received Import Request.
  Time since last request: 10.770311 seconds.
  path: Assets/Scripts/Server.cs
  artifactKey: Guid(27e4d83858955cf40a597a19b223fe26) Importer(815301076,1909f56bfc062723c751e8b465ee728b)
Start importing Assets/Scripts/Server.cs using Guid(27e4d83858955cf40a597a19b223fe26) Importer(815301076,1909f56bfc062723c751e8b465ee728b)  -> (artifact id: '00000000000000000000000000000000') in 0.000490 seconds  code(4) message(Build asset version error: assets/scripts/server.cs in SourceAssetDB has modification time of '2021-11-18T09:08:21.3863855Z' while content on disk has modification time of '2021-11-18T09:08:21.55628Z')
  ERROR: Build asset version error: assets/scripts/server.cs in SourceAssetDB has modification time of '2021-11-18T09:08:21.3863855Z' while content on disk has modification time of '2021-11-18T09:08:21.55628Z'
========================================================================
Received Import Request.
  Time since last request: 8.712058 seconds.
  path: Assets/Scripts/Server.cs
  artifactKey: Guid(27e4d83858955cf40a597a19b223fe26) Importer(815301076,1909f56bfc062723c751e8b465ee728b)
Start importing Assets/Scripts/Server.cs using Guid(27e4d83858955cf40a597a19b223fe26) Importer(815301076,1909f56bfc062723c751e8b465ee728b)  -> (artifact id: '00000000000000000000000000000000') in 0.000454 seconds  code(4) message(Build asset version error: assets/scripts/server.cs in SourceAssetDB has modification time of '2021-11-18T09:08:30.0940187Z' while content on disk has modification time of '2021-11-18T09:08:30.2839015Z')
  ERROR: Build asset version error: assets/scripts/server.cs in SourceAssetDB has modification time of '2021-11-18T09:08:30.0940187Z' while content on disk has modification time of '2021-11-18T09:08:30.2839015Z'
========================================================================
Received Import Request.
  Time since last request: 3.825099 seconds.
  path: Assets/Scripts/Server.cs
  artifactKey: Guid(27e4d83858955cf40a597a19b223fe26) Importer(815301076,1909f56bfc062723c751e8b465ee728b)
Start importing Assets/Scripts/Server.cs using Guid(27e4d83858955cf40a597a19b223fe26) Importer(815301076,1909f56bfc062723c751e8b465ee728b)  -> (artifact id: 'fc3b3143372f1ae60feb7c9ff7536a7a') in 0.004625 seconds 
========================================================================
Received Import Request.
  Time since last request: 17.851664 seconds.
  path: Assets/Scripts/Server.cs
  artifactKey: Guid(27e4d83858955cf40a597a19b223fe26) Importer(815301076,1909f56bfc062723c751e8b465ee728b)
Start importing Assets/Scripts/Server.cs using Guid(27e4d83858955cf40a597a19b223fe26) Importer(815301076,1909f56bfc062723c751e8b465ee728b)  -> (artifact id: 'c2bba91e3d298546a07e6eb8607151b4') in 0.005510 seconds 
========================================================================
Received Import Request.
  Time since last request: 5.308418 seconds.
  path: Assets/Scripts/Server.cs
  artifactKey: Guid(27e4d83858955cf40a597a19b223fe26) Importer(815301076,1909f56bfc062723c751e8b465ee728b)
Start importing Assets/Scripts/Server.cs using Guid(27e4d83858955cf40a597a19b223fe26) Importer(815301076,1909f56bfc062723c751e8b465ee728b)  -> (artifact id: '6cbb44d3804a6989d611e5f61b96b51a') in 0.004544 seconds 
========================================================================
Received Import Request.
  Time since last request: 5.015369 seconds.
  path: Assets/Scripts/Server.cs
  artifactKey: Guid(27e4d83858955cf40a597a19b223fe26) Importer(815301076,1909f56bfc062723c751e8b465ee728b)
Start importing Assets/Scripts/Server.cs using Guid(27e4d83858955cf40a597a19b223fe26) Importer(815301076,1909f56bfc062723c751e8b465ee728b)  -> (artifact id: '8d07bbaad24a13f0e3b4b4ce98f0690f') in 0.003950 seconds 
========================================================================
Received Import Request.
  Time since last request: 3.456910 seconds.
  path: Assets/Scripts/Server.cs
  artifactKey: Guid(27e4d83858955cf40a597a19b223fe26) Importer(815301076,1909f56bfc062723c751e8b465ee728b)
Start importing Assets/Scripts/Server.cs using Guid(27e4d83858955cf40a597a19b223fe26) Importer(815301076,1909f56bfc062723c751e8b465ee728b)  -> (artifact id: '4939b3fa215f8bf30c80eed2f962a09d') in 0.004644 seconds 
========================================================================
Received Import Request.
  Time since last request: 3.864528 seconds.
  path: Assets/Scripts/Server.cs
  artifactKey: Guid(27e4d83858955cf40a597a19b223fe26) Importer(815301076,1909f56bfc062723c751e8b465ee728b)
Start importing Assets/Scripts/Server.cs using Guid(27e4d83858955cf40a597a19b223fe26) Importer(815301076,1909f56bfc062723c751e8b465ee728b)  -> (artifact id: '8dbce3da886290755d097ed0a1c30aa4') in 0.004520 seconds 
========================================================================
Received Import Request.
  Time since last request: 9.694292 seconds.
  path: Assets/Scripts/Server.cs
  artifactKey: Guid(27e4d83858955cf40a597a19b223fe26) Importer(815301076,1909f56bfc062723c751e8b465ee728b)
Start importing Assets/Scripts/Server.cs using Guid(27e4d83858955cf40a597a19b223fe26) Importer(815301076,1909f56bfc062723c751e8b465ee728b)  -> (artifact id: '76bdb32821672834266b589734e10b21') in 0.004888 seconds 
========================================================================
Received Import Request.
  Time since last request: 20.503004 seconds.
  path: Assets/Scripts/Server.cs
  artifactKey: Guid(27e4d83858955cf40a597a19b223fe26) Importer(815301076,1909f56bfc062723c751e8b465ee728b)
Start importing Assets/Scripts/Server.cs using Guid(27e4d83858955cf40a597a19b223fe26) Importer(815301076,1909f56bfc062723c751e8b465ee728b)  -> (artifact id: '823bd46dee32d701a1ca21c7914a71b6') in 0.006247 seconds 
========================================================================
Received Import Request.
  Time since last request: 40.577087 seconds.
  path: Assets/Scripts/Server.cs
  artifactKey: Guid(27e4d83858955cf40a597a19b223fe26) Importer(815301076,1909f56bfc062723c751e8b465ee728b)
Start importing Assets/Scripts/Server.cs using Guid(27e4d83858955cf40a597a19b223fe26) Importer(815301076,1909f56bfc062723c751e8b465ee728b)  -> (artifact id: '99d3deffd3a9015fb9eb25faad1cbe6a') in 0.007779 seconds 
========================================================================
Received Import Request.
  Time since last request: 8.418479 seconds.
  path: Assets/Scripts/Server.cs
  artifactKey: Guid(27e4d83858955cf40a597a19b223fe26) Importer(815301076,1909f56bfc062723c751e8b465ee728b)
Start importing Assets/Scripts/Server.cs using Guid(27e4d83858955cf40a597a19b223fe26) Importer(815301076,1909f56bfc062723c751e8b465ee728b)  -> (artifact id: '00000000000000000000000000000000') in 0.000548 seconds  code(4) message(Build asset version error: assets/scripts/server.cs in SourceAssetDB has modification time of '2021-11-18T09:10:28.7477578Z' while content on disk has modification time of '2021-11-18T09:10:28.9196618Z')
  ERROR: Build asset version error: assets/scripts/server.cs in SourceAssetDB has modification time of '2021-11-18T09:10:28.7477578Z' while content on disk has modification time of '2021-11-18T09:10:28.9196618Z'
========================================================================
Received Import Request.
  Time since last request: 15.216769 seconds.
  path: Assets/Scripts/Server.cs
  artifactKey: Guid(27e4d83858955cf40a597a19b223fe26) Importer(815301076,1909f56bfc062723c751e8b465ee728b)
Start importing Assets/Scripts/Server.cs using Guid(27e4d83858955cf40a597a19b223fe26) Importer(815301076,1909f56bfc062723c751e8b465ee728b)  -> (artifact id: 'ff2d9b79feddbc06a4e3d69519794785') in 0.007662 seconds 
========================================================================
Received Import Request.
  Time since last request: 169.538971 seconds.
  path: Assets/Scripts/Server.cs
  artifactKey: Guid(27e4d83858955cf40a597a19b223fe26) Importer(815301076,1909f56bfc062723c751e8b465ee728b)
Start importing Assets/Scripts/Server.cs using Guid(27e4d83858955cf40a597a19b223fe26) Importer(815301076,1909f56bfc062723c751e8b465ee728b)  -> (artifact id: '00000000000000000000000000000000') in 0.000389 seconds  code(4) message(Build asset version error: assets/scripts/server.cs in SourceAssetDB has modification time of '2021-11-18T09:13:33.5341089Z' while content on disk has modification time of '2021-11-18T09:13:33.7156794Z')
  ERROR: Build asset version error: assets/scripts/server.cs in SourceAssetDB has modification time of '2021-11-18T09:13:33.5341089Z' while content on disk has modification time of '2021-11-18T09:13:33.7156794Z'
========================================================================
Received Import Request.
  Time since last request: 7.304414 seconds.
  path: Assets/Scripts/Server.cs
  artifactKey: Guid(27e4d83858955cf40a597a19b223fe26) Importer(815301076,1909f56bfc062723c751e8b465ee728b)
Start importing Assets/Scripts/Server.cs using Guid(27e4d83858955cf40a597a19b223fe26) Importer(815301076,1909f56bfc062723c751e8b465ee728b)  -> (artifact id: '1939228d86c54a4f9265e09288bb756a') in 0.004690 seconds 
========================================================================
Received Import Request.
  Time since last request: 19.828068 seconds.
  path: Assets/Scripts/Server.cs
  artifactKey: Guid(27e4d83858955cf40a597a19b223fe26) Importer(815301076,1909f56bfc062723c751e8b465ee728b)
Start importing Assets/Scripts/Server.cs using Guid(27e4d83858955cf40a597a19b223fe26) Importer(815301076,1909f56bfc062723c751e8b465ee728b)  -> (artifact id: '573e947f9798013a9121b0f869e59567') in 0.004405 seconds 
========================================================================
Received Import Request.
  Time since last request: 207.035936 seconds.
  path: Assets/Scripts/Server.cs
  artifactKey: Guid(27e4d83858955cf40a597a19b223fe26) Importer(815301076,1909f56bfc062723c751e8b465ee728b)
Start importing Assets/Scripts/Server.cs using Guid(27e4d83858955cf40a597a19b223fe26) Importer(815301076,1909f56bfc062723c751e8b465ee728b)  -> (artifact id: '723dd091e4b55153c074359c47a35f8a') in 0.004992 seconds 
========================================================================
Received Import Request.
  Time since last request: 45.615959 seconds.
  path: Assets/Scripts/Server.cs
  artifactKey: Guid(27e4d83858955cf40a597a19b223fe26) Importer(815301076,1909f56bfc062723c751e8b465ee728b)
Start importing Assets/Scripts/Server.cs using Guid(27e4d83858955cf40a597a19b223fe26) Importer(815301076,1909f56bfc062723c751e8b465ee728b)  -> (artifact id: 'fef0a7c88ad09b2d43f98c23bd643ba8') in 0.004923 seconds 
========================================================================
Received Import Request.
  Time since last request: 1.839305 seconds.
  path: Assets/Scripts/Server.cs
  artifactKey: Guid(27e4d83858955cf40a597a19b223fe26) Importer(815301076,1909f56bfc062723c751e8b465ee728b)
Start importing Assets/Scripts/Server.cs using Guid(27e4d83858955cf40a597a19b223fe26) Importer(815301076,1909f56bfc062723c751e8b465ee728b)  -> (artifact id: 'ccf9415cd9af61c7c7004a001f056880') in 0.005803 seconds 
========================================================================
Received Import Request.
  Time since last request: 82.858860 seconds.
  path: Assets/Scripts/Server.cs
  artifactKey: Guid(27e4d83858955cf40a597a19b223fe26) Importer(815301076,1909f56bfc062723c751e8b465ee728b)
Start importing Assets/Scripts/Server.cs using Guid(27e4d83858955cf40a597a19b223fe26) Importer(815301076,1909f56bfc062723c751e8b465ee728b)  -> (artifact id: '2ed98b52a76f9bd749cb6b83ffcd647d') in 0.004627 seconds 
========================================================================
Received Import Request.
  Time since last request: 10.763271 seconds.
  path: Assets/Scripts/Server.cs
  artifactKey: Guid(27e4d83858955cf40a597a19b223fe26) Importer(815301076,1909f56bfc062723c751e8b465ee728b)
Start importing Assets/Scripts/Server.cs using Guid(27e4d83858955cf40a597a19b223fe26) Importer(815301076,1909f56bfc062723c751e8b465ee728b)  -> (artifact id: '313110b4968c4b0dde59f6ea8e92abef') in 0.004321 seconds 
========================================================================
Received Import Request.
  Time since last request: 10.534755 seconds.
  path: Assets/Scripts/Server.cs
  artifactKey: Guid(27e4d83858955cf40a597a19b223fe26) Importer(815301076,1909f56bfc062723c751e8b465ee728b)
Start importing Assets/Scripts/Server.cs using Guid(27e4d83858955cf40a597a19b223fe26) Importer(815301076,1909f56bfc062723c751e8b465ee728b)  -> (artifact id: '037eca64111c8c1ee1f229367fb7019b') in 0.005531 seconds 
========================================================================
Received Import Request.
  Time since last request: 10.086398 seconds.
  path: Assets/Scripts/Server.cs
  artifactKey: Guid(27e4d83858955cf40a597a19b223fe26) Importer(815301076,1909f56bfc062723c751e8b465ee728b)
Start importing Assets/Scripts/Server.cs using Guid(27e4d83858955cf40a597a19b223fe26) Importer(815301076,1909f56bfc062723c751e8b465ee728b)  -> (artifact id: 'ee5fe218ba7d74a4c06ce5bc3a26d14a') in 0.004881 seconds 
========================================================================
Received Import Request.
  Time since last request: 11.484080 seconds.
  path: Assets/Scripts/Server.cs
  artifactKey: Guid(27e4d83858955cf40a597a19b223fe26) Importer(815301076,1909f56bfc062723c751e8b465ee728b)
Start importing Assets/Scripts/Server.cs using Guid(27e4d83858955cf40a597a19b223fe26) Importer(815301076,1909f56bfc062723c751e8b465ee728b)  -> (artifact id: 'e38f11369e843166a63bd266d9c81aeb') in 0.002552 seconds 
========================================================================
Received Import Request.
  Time since last request: 10.557403 seconds.
  path: Assets/Scripts/Server.cs
  artifactKey: Guid(27e4d83858955cf40a597a19b223fe26) Importer(815301076,1909f56bfc062723c751e8b465ee728b)
Start importing Assets/Scripts/Server.cs using Guid(27e4d83858955cf40a597a19b223fe26) Importer(815301076,1909f56bfc062723c751e8b465ee728b)  -> (artifact id: '00000000000000000000000000000000') in 0.000354 seconds  code(4) message(Build asset version error: assets/scripts/server.cs in SourceAssetDB has modification time of '2021-11-18T09:20:31.567839Z' while content on disk has modification time of '2021-11-18T09:20:31.7497273Z')
  ERROR: Build asset version error: assets/scripts/server.cs in SourceAssetDB has modification time of '2021-11-18T09:20:31.567839Z' while content on disk has modification time of '2021-11-18T09:20:31.7497273Z'
========================================================================
Received Import Request.
  Time since last request: 45.106504 seconds.
  path: Assets/Scripts/Server.cs
  artifactKey: Guid(27e4d83858955cf40a597a19b223fe26) Importer(815301076,1909f56bfc062723c751e8b465ee728b)
Start importing Assets/Scripts/Server.cs using Guid(27e4d83858955cf40a597a19b223fe26) Importer(815301076,1909f56bfc062723c751e8b465ee728b)  -> (artifact id: '00000000000000000000000000000000') in 0.000367 seconds  code(4) message(Build asset version error: assets/scripts/server.cs in SourceAssetDB has modification time of '2021-11-18T09:21:16.702255Z' while content on disk has modification time of '2021-11-18T09:21:16.8701534Z')
  ERROR: Build asset version error: assets/scripts/server.cs in SourceAssetDB has modification time of '2021-11-18T09:21:16.702255Z' while content on disk has modification time of '2021-11-18T09:21:16.8701534Z'
========================================================================
Received Import Request.
  Time since last request: 5.973757 seconds.
  path: Assets/Scripts/Server.cs
  artifactKey: Guid(27e4d83858955cf40a597a19b223fe26) Importer(815301076,1909f56bfc062723c751e8b465ee728b)
Start importing Assets/Scripts/Server.cs using Guid(27e4d83858955cf40a597a19b223fe26) Importer(815301076,1909f56bfc062723c751e8b465ee728b)  -> (artifact id: '1c04da8fd3ae719763e1e9f705f8cbf5') in 0.004332 seconds 
========================================================================
Received Import Request.
  Time since last request: 2.641575 seconds.
  path: Assets/Scripts/Server.cs
  artifactKey: Guid(27e4d83858955cf40a597a19b223fe26) Importer(815301076,1909f56bfc062723c751e8b465ee728b)
Start importing Assets/Scripts/Server.cs using Guid(27e4d83858955cf40a597a19b223fe26) Importer(815301076,1909f56bfc062723c751e8b465ee728b)  -> (artifact id: 'e3f3dd5771c9f8c73e47426d15668c60') in 0.005007 seconds 
========================================================================
Received Prepare
Registering precompiled user dll's ...
Registered in 0.011629 seconds.
Begin MonoManager ReloadAssembly
Symbol file LoadedFromMemory doesn't match image C:\Users\germanip\Documents\GitHub\Redes\UDP_SERIALIZE\Library\PackageCache\com.unity.visualscripting@1.6.1\Editor\VisualScripting.Core\Dependencies\YamlDotNet\Unity.VisualScripting.YamlDotNet.dll
Symbol file LoadedFromMemory doesn't match image C:\Users\germanip\Documents\GitHub\Redes\UDP_SERIALIZE\Library\PackageCache\com.unity.visualscripting@1.6.1\Editor\VisualScripting.Core\Dependencies\DotNetZip\Unity.VisualScripting.IonicZip.dll
Native extension for WindowsStandalone target not found
Native extension for OSXStandalone target not found
Refreshing native plugins compatible for Editor in 1.03 ms, found 3 plugins.
Preloading 0 native plugins for Editor in 0.00 ms.
Mono: successfully reloaded assembly
- Completed reload, in  1.357 seconds
Domain Reload Profiling:
	ReloadAssembly (1357ms)
		BeginReloadAssembly (145ms)
			ExecutionOrderSort (0ms)
			DisableScriptedObjects (7ms)
			BackupInstance (0ms)
			ReleaseScriptingObjects (0ms)
			CreateAndSetChildDomain (43ms)
		EndReloadAssembly (1140ms)
			LoadAssemblies (108ms)
			RebuildTransferFunctionScriptingTraits (0ms)
			SetupTypeCache (463ms)
			ReleaseScriptCaches (1ms)
			RebuildScriptCaches (56ms)
			SetupLoadedEditorAssemblies (381ms)
				LogAssemblyErrors (0ms)
				InitializePlatformSupportModulesInManaged (10ms)
				SetLoadedEditorAssemblies (1ms)
				RefreshPlugins (1ms)
				BeforeProcessingInitializeOnLoad (64ms)
				ProcessInitializeOnLoadAttributes (294ms)
				ProcessInitializeOnLoadMethodAttributes (6ms)
				AfterProcessingInitializeOnLoad (4ms)
				EditorAssembliesLoaded (0ms)
			ExecutionOrderSort2 (0ms)
			AwakeInstancesAfterBackupRestoration (12ms)
Platform modules already initialized, skipping
Refreshing native plugins compatible for Editor in 0.95 ms, found 3 plugins.
Preloading 0 native plugins for Editor in 0.00 ms.
Unloading 2935 Unused Serialized files (Serialized files now loaded: 0)
System memory in use before: 105.5 MB.
System memory in use after: 105.7 MB.

Unloading 18 unused Assets to reduce memory usage. Loaded Objects now: 3387.
Total: 2.906700 ms (FindLiveObjects: 0.304000 ms CreateObjectMapping: 0.119600 ms MarkObjects: 2.405200 ms  DeleteObjects: 0.076400 ms)

AssetImportParameters requested are different than current active one (requested -> active):
  custom:framework-win-MediaFoundation: 216162199b28c13a410421893ffa2e32 -> 
  custom:video-decoder-ogg-theora: a1e56fd34408186e4bbccfd4996cb3dc -> 
  custom:container-muxer-webm: aa71ff27fc2769a1b78a27578f13a17b -> 
  custom:container-demuxer-webm: 4f35f7cbe854078d1ac9338744f61a02 -> 
  custom:container-demuxer-ogg: 62fdf1f143b41e24485cea50d1cbac27 -> 
  custom:video-encoder-webm-vp8: eb34c28f22e8b96e1ab97ce403110664 -> 
  custom:video-decoder-webm-vp8: 9c59270c3fd7afecdb556c50c9e8de78 -> 
  custom:audio-decoder-ogg-vorbis: bf7c407c2cedff20999df2af8eb42d56 -> 
  custom:audio-encoder-webm-vorbis: bf7c407c2cedff20999df2af8eb42d56 -> 
========================================================================
Received Prepare
Registering precompiled user dll's ...
Registered in 0.006687 seconds.
Begin MonoManager ReloadAssembly
Symbol file LoadedFromMemory doesn't match image C:\Users\germanip\Documents\GitHub\Redes\UDP_SERIALIZE\Library\PackageCache\com.unity.visualscripting@1.6.1\Editor\VisualScripting.Core\Dependencies\YamlDotNet\Unity.VisualScripting.YamlDotNet.dll
Symbol file LoadedFromMemory doesn't match image C:\Users\germanip\Documents\GitHub\Redes\UDP_SERIALIZE\Library\PackageCache\com.unity.visualscripting@1.6.1\Editor\VisualScripting.Core\Dependencies\DotNetZip\Unity.VisualScripting.IonicZip.dll
Native extension for WindowsStandalone target not found
Native extension for OSXStandalone target not found
Refreshing native plugins compatible for Editor in 0.86 ms, found 3 plugins.
Preloading 0 native plugins for Editor in 0.00 ms.
Mono: successfully reloaded assembly
- Completed reload, in  1.415 seconds
Domain Reload Profiling:
	ReloadAssembly (1416ms)
		BeginReloadAssembly (138ms)
			ExecutionOrderSort (0ms)
			DisableScriptedObjects (7ms)
			BackupInstance (0ms)
			ReleaseScriptingObjects (0ms)
			CreateAndSetChildDomain (46ms)
		EndReloadAssembly (1196ms)
			LoadAssemblies (118ms)
			RebuildTransferFunctionScriptingTraits (0ms)
			SetupTypeCache (485ms)
			ReleaseScriptCaches (1ms)
			RebuildScriptCaches (59ms)
			SetupLoadedEditorAssemblies (394ms)
				LogAssemblyErrors (0ms)
				InitializePlatformSupportModulesInManaged (8ms)
				SetLoadedEditorAssemblies (1ms)
				RefreshPlugins (1ms)
				BeforeProcessingInitializeOnLoad (67ms)
				ProcessInitializeOnLoadAttributes (306ms)
				ProcessInitializeOnLoadMethodAttributes (6ms)
				AfterProcessingInitializeOnLoad (4ms)
				EditorAssembliesLoaded (0ms)
			ExecutionOrderSort2 (0ms)
			AwakeInstancesAfterBackupRestoration (9ms)
Platform modules already initialized, skipping
Refreshing native plugins compatible for Editor in 0.90 ms, found 3 plugins.
Preloading 0 native plugins for Editor in 0.00 ms.
Unloading 2935 Unused Serialized files (Serialized files now loaded: 0)
System memory in use before: 105.6 MB.
System memory in use after: 105.8 MB.

Unloading 18 unused Assets to reduce memory usage. Loaded Objects now: 3390.
Total: 2.814800 ms (FindLiveObjects: 0.265800 ms CreateObjectMapping: 0.142000 ms MarkObjects: 2.340100 ms  DeleteObjects: 0.064800 ms)

AssetImportParameters requested are different than current active one (requested -> active):
  custom:framework-win-MediaFoundation: 216162199b28c13a410421893ffa2e32 -> 
  custom:video-decoder-ogg-theora: a1e56fd34408186e4bbccfd4996cb3dc -> 
  custom:container-muxer-webm: aa71ff27fc2769a1b78a27578f13a17b -> 
  custom:container-demuxer-webm: 4f35f7cbe854078d1ac9338744f61a02 -> 
  custom:container-demuxer-ogg: 62fdf1f143b41e24485cea50d1cbac27 -> 
  custom:video-encoder-webm-vp8: eb34c28f22e8b96e1ab97ce403110664 -> 
  custom:video-decoder-webm-vp8: 9c59270c3fd7afecdb556c50c9e8de78 -> 
  custom:audio-decoder-ogg-vorbis: bf7c407c2cedff20999df2af8eb42d56 -> 
  custom:audio-encoder-webm-vorbis: bf7c407c2cedff20999df2af8eb42d56 -> 
========================================================================
Received Import Request.
  Time since last request: 179.128664 seconds.
  path: Assets/Scripts/Server.cs
  artifactKey: Guid(27e4d83858955cf40a597a19b223fe26) Importer(815301076,1909f56bfc062723c751e8b465ee728b)
Start importing Assets/Scripts/Server.cs using Guid(27e4d83858955cf40a597a19b223fe26) Importer(815301076,1909f56bfc062723c751e8b465ee728b)  -> (artifact id: '19b0e72d11e923ef360b061b3e66bfcc') in 0.011981 seconds 
========================================================================
Received Import Request.
  Time since last request: 5188.198435 seconds.
  path: Assets/Scripts/Server.cs
  artifactKey: Guid(27e4d83858955cf40a597a19b223fe26) Importer(815301076,1909f56bfc062723c751e8b465ee728b)
Start importing Assets/Scripts/Server.cs using Guid(27e4d83858955cf40a597a19b223fe26) Importer(815301076,1909f56bfc062723c751e8b465ee728b)  -> (artifact id: '84e4b4653301afe8862f9e5cfec016a4') in 0.010925 seconds 
========================================================================
Received Prepare
Registering precompiled user dll's ...
Registered in 0.006080 seconds.
Begin MonoManager ReloadAssembly
Symbol file LoadedFromMemory doesn't match image C:\Users\germanip\Documents\GitHub\Redes\UDP_SERIALIZE\Library\PackageCache\com.unity.visualscripting@1.6.1\Editor\VisualScripting.Core\Dependencies\YamlDotNet\Unity.VisualScripting.YamlDotNet.dll
Symbol file LoadedFromMemory doesn't match image C:\Users\germanip\Documents\GitHub\Redes\UDP_SERIALIZE\Library\PackageCache\com.unity.visualscripting@1.6.1\Editor\VisualScripting.Core\Dependencies\DotNetZip\Unity.VisualScripting.IonicZip.dll
Native extension for WindowsStandalone target not found
Native extension for OSXStandalone target not found
Refreshing native plugins compatible for Editor in 0.81 ms, found 3 plugins.
Preloading 0 native plugins for Editor in 0.00 ms.
Mono: successfully reloaded assembly
- Completed reload, in  1.341 seconds
Domain Reload Profiling:
	ReloadAssembly (1341ms)
		BeginReloadAssembly (142ms)
			ExecutionOrderSort (0ms)
			DisableScriptedObjects (9ms)
			BackupInstance (0ms)
			ReleaseScriptingObjects (0ms)
			CreateAndSetChildDomain (46ms)
		EndReloadAssembly (1118ms)
			LoadAssemblies (110ms)
			RebuildTransferFunctionScriptingTraits (0ms)
			SetupTypeCache (438ms)
			ReleaseScriptCaches (1ms)
			RebuildScriptCaches (56ms)
			SetupLoadedEditorAssemblies (375ms)
				LogAssemblyErrors (0ms)
				InitializePlatformSupportModulesInManaged (7ms)
				SetLoadedEditorAssemblies (1ms)
				RefreshPlugins (1ms)
				BeforeProcessingInitializeOnLoad (63ms)
				ProcessInitializeOnLoadAttributes (293ms)
				ProcessInitializeOnLoadMethodAttributes (6ms)
				AfterProcessingInitializeOnLoad (4ms)
				EditorAssembliesLoaded (0ms)
			ExecutionOrderSort2 (0ms)
			AwakeInstancesAfterBackupRestoration (9ms)
Platform modules already initialized, skipping
Refreshing native plugins compatible for Editor in 0.99 ms, found 3 plugins.
Preloading 0 native plugins for Editor in 0.00 ms.
Unloading 2935 Unused Serialized files (Serialized files now loaded: 0)
System memory in use before: 105.6 MB.
System memory in use after: 105.8 MB.

Unloading 18 unused Assets to reduce memory usage. Loaded Objects now: 3393.
Total: 3.238500 ms (FindLiveObjects: 0.271700 ms CreateObjectMapping: 0.120200 ms MarkObjects: 2.775900 ms  DeleteObjects: 0.069100 ms)

AssetImportParameters requested are different than current active one (requested -> active):
  custom:framework-win-MediaFoundation: 216162199b28c13a410421893ffa2e32 -> 
  custom:video-decoder-ogg-theora: a1e56fd34408186e4bbccfd4996cb3dc -> 
  custom:container-muxer-webm: aa71ff27fc2769a1b78a27578f13a17b -> 
  custom:container-demuxer-webm: 4f35f7cbe854078d1ac9338744f61a02 -> 
  custom:container-demuxer-ogg: 62fdf1f143b41e24485cea50d1cbac27 -> 
  custom:video-encoder-webm-vp8: eb34c28f22e8b96e1ab97ce403110664 -> 
  custom:video-decoder-webm-vp8: 9c59270c3fd7afecdb556c50c9e8de78 -> 
  custom:audio-decoder-ogg-vorbis: bf7c407c2cedff20999df2af8eb42d56 -> 
  custom:audio-encoder-webm-vorbis: bf7c407c2cedff20999df2af8eb42d56 -> 
========================================================================
Received Import Request.
  Time since last request: 36.510891 seconds.
  path: Assets/Scripts/Server.cs
  artifactKey: Guid(27e4d83858955cf40a597a19b223fe26) Importer(815301076,1909f56bfc062723c751e8b465ee728b)
Start importing Assets/Scripts/Server.cs using Guid(27e4d83858955cf40a597a19b223fe26) Importer(815301076,1909f56bfc062723c751e8b465ee728b)  -> (artifact id: '10c29ed1afd0d4631450f4bffb80b90f') in 0.008489 seconds 
========================================================================
Received Prepare
Registering precompiled user dll's ...
Registered in 0.006016 seconds.
Begin MonoManager ReloadAssembly
Symbol file LoadedFromMemory doesn't match image C:\Users\germanip\Documents\GitHub\Redes\UDP_SERIALIZE\Library\PackageCache\com.unity.visualscripting@1.6.1\Editor\VisualScripting.Core\Dependencies\YamlDotNet\Unity.VisualScripting.YamlDotNet.dll
Symbol file LoadedFromMemory doesn't match image C:\Users\germanip\Documents\GitHub\Redes\UDP_SERIALIZE\Library\PackageCache\com.unity.visualscripting@1.6.1\Editor\VisualScripting.Core\Dependencies\DotNetZip\Unity.VisualScripting.IonicZip.dll
Native extension for WindowsStandalone target not found
Native extension for OSXStandalone target not found
Refreshing native plugins compatible for Editor in 0.83 ms, found 3 plugins.
Preloading 0 native plugins for Editor in 0.00 ms.
Mono: successfully reloaded assembly
- Completed reload, in  1.418 seconds
Domain Reload Profiling:
	ReloadAssembly (1419ms)
		BeginReloadAssembly (137ms)
			ExecutionOrderSort (0ms)
			DisableScriptedObjects (7ms)
			BackupInstance (0ms)
			ReleaseScriptingObjects (0ms)
			CreateAndSetChildDomain (43ms)
		EndReloadAssembly (1202ms)
			LoadAssemblies (123ms)
			RebuildTransferFunctionScriptingTraits (0ms)
			SetupTypeCache (471ms)
			ReleaseScriptCaches (1ms)
			RebuildScriptCaches (59ms)
			SetupLoadedEditorAssemblies (407ms)
				LogAssemblyErrors (0ms)
				InitializePlatformSupportModulesInManaged (8ms)
				SetLoadedEditorAssemblies (1ms)
				RefreshPlugins (1ms)
				BeforeProcessingInitializeOnLoad (69ms)
				ProcessInitializeOnLoadAttributes (316ms)
				ProcessInitializeOnLoadMethodAttributes (7ms)
				AfterProcessingInitializeOnLoad (5ms)
				EditorAssembliesLoaded (0ms)
			ExecutionOrderSort2 (0ms)
			AwakeInstancesAfterBackupRestoration (11ms)
Platform modules already initialized, skipping
Refreshing native plugins compatible for Editor in 1.09 ms, found 3 plugins.
Preloading 0 native plugins for Editor in 0.00 ms.
Unloading 2935 Unused Serialized files (Serialized files now loaded: 0)
System memory in use before: 105.6 MB.
System memory in use after: 105.8 MB.

Unloading 18 unused Assets to reduce memory usage. Loaded Objects now: 3396.
Total: 3.837700 ms (FindLiveObjects: 0.325600 ms CreateObjectMapping: 0.144600 ms MarkObjects: 3.302200 ms  DeleteObjects: 0.062500 ms)

AssetImportParameters requested are different than current active one (requested -> active):
  custom:framework-win-MediaFoundation: 216162199b28c13a410421893ffa2e32 -> 
  custom:video-decoder-ogg-theora: a1e56fd34408186e4bbccfd4996cb3dc -> 
  custom:container-muxer-webm: aa71ff27fc2769a1b78a27578f13a17b -> 
  custom:container-demuxer-webm: 4f35f7cbe854078d1ac9338744f61a02 -> 
  custom:container-demuxer-ogg: 62fdf1f143b41e24485cea50d1cbac27 -> 
  custom:video-encoder-webm-vp8: eb34c28f22e8b96e1ab97ce403110664 -> 
  custom:video-decoder-webm-vp8: 9c59270c3fd7afecdb556c50c9e8de78 -> 
  custom:audio-decoder-ogg-vorbis: bf7c407c2cedff20999df2af8eb42d56 -> 
  custom:audio-encoder-webm-vorbis: bf7c407c2cedff20999df2af8eb42d56 -> 
========================================================================
Received Prepare
Registering precompiled user dll's ...
Registered in 0.005592 seconds.
Begin MonoManager ReloadAssembly
Symbol file LoadedFromMemory doesn't match image C:\Users\germanip\Documents\GitHub\Redes\UDP_SERIALIZE\Library\PackageCache\com.unity.visualscripting@1.6.1\Editor\VisualScripting.Core\Dependencies\YamlDotNet\Unity.VisualScripting.YamlDotNet.dll
Symbol file LoadedFromMemory doesn't match image C:\Users\germanip\Documents\GitHub\Redes\UDP_SERIALIZE\Library\PackageCache\com.unity.visualscripting@1.6.1\Editor\VisualScripting.Core\Dependencies\DotNetZip\Unity.VisualScripting.IonicZip.dll
Native extension for WindowsStandalone target not found
Native extension for OSXStandalone target not found
Refreshing native plugins compatible for Editor in 0.71 ms, found 3 plugins.
Preloading 0 native plugins for Editor in 0.00 ms.
Mono: successfully reloaded assembly
- Completed reload, in  1.366 seconds
Domain Reload Profiling:
	ReloadAssembly (1366ms)
		BeginReloadAssembly (146ms)
			ExecutionOrderSort (0ms)
			DisableScriptedObjects (7ms)
			BackupInstance (0ms)
			ReleaseScriptingObjects (0ms)
			CreateAndSetChildDomain (41ms)
		EndReloadAssembly (1146ms)
			LoadAssemblies (110ms)
			RebuildTransferFunctionScriptingTraits (0ms)
			SetupTypeCache (460ms)
			ReleaseScriptCaches (1ms)
			RebuildScriptCaches (59ms)
			SetupLoadedEditorAssemblies (382ms)
				LogAssemblyErrors (0ms)
				InitializePlatformSupportModulesInManaged (8ms)
				SetLoadedEditorAssemblies (1ms)
				RefreshPlugins (1ms)
				BeforeProcessingInitializeOnLoad (68ms)
				ProcessInitializeOnLoadAttributes (295ms)
				ProcessInitializeOnLoadMethodAttributes (6ms)
				AfterProcessingInitializeOnLoad (4ms)
				EditorAssembliesLoaded (0ms)
			ExecutionOrderSort2 (0ms)
			AwakeInstancesAfterBackupRestoration (9ms)
Platform modules already initialized, skipping
Refreshing native plugins compatible for Editor in 0.90 ms, found 3 plugins.
Preloading 0 native plugins for Editor in 0.00 ms.
Unloading 2935 Unused Serialized files (Serialized files now loaded: 0)
System memory in use before: 105.7 MB.
System memory in use after: 105.9 MB.

Unloading 18 unused Assets to reduce memory usage. Loaded Objects now: 3399.
Total: 3.695300 ms (FindLiveObjects: 0.440000 ms CreateObjectMapping: 0.211900 ms MarkObjects: 2.954300 ms  DeleteObjects: 0.086600 ms)

AssetImportParameters requested are different than current active one (requested -> active):
  custom:framework-win-MediaFoundation: 216162199b28c13a410421893ffa2e32 -> 
  custom:video-decoder-ogg-theora: a1e56fd34408186e4bbccfd4996cb3dc -> 
  custom:container-muxer-webm: aa71ff27fc2769a1b78a27578f13a17b -> 
  custom:container-demuxer-webm: 4f35f7cbe854078d1ac9338744f61a02 -> 
  custom:container-demuxer-ogg: 62fdf1f143b41e24485cea50d1cbac27 -> 
  custom:video-encoder-webm-vp8: eb34c28f22e8b96e1ab97ce403110664 -> 
  custom:video-decoder-webm-vp8: 9c59270c3fd7afecdb556c50c9e8de78 -> 
  custom:audio-decoder-ogg-vorbis: bf7c407c2cedff20999df2af8eb42d56 -> 
  custom:audio-encoder-webm-vorbis: bf7c407c2cedff20999df2af8eb42d56 -> 
========================================================================
Received Import Request.
  Time since last request: 597.494259 seconds.
  path: Assets/Scripts/Server.cs
  artifactKey: Guid(27e4d83858955cf40a597a19b223fe26) Importer(815301076,1909f56bfc062723c751e8b465ee728b)
Start importing Assets/Scripts/Server.cs using Guid(27e4d83858955cf40a597a19b223fe26) Importer(815301076,1909f56bfc062723c751e8b465ee728b)  -> (artifact id: '2bc69eb89522801abe8fbcf6e45545d5') in 0.008845 seconds 
========================================================================
Received Prepare
Registering precompiled user dll's ...
Registered in 0.005520 seconds.
Begin MonoManager ReloadAssembly
Symbol file LoadedFromMemory doesn't match image C:\Users\germanip\Documents\GitHub\Redes\UDP_SERIALIZE\Library\PackageCache\com.unity.visualscripting@1.6.1\Editor\VisualScripting.Core\Dependencies\YamlDotNet\Unity.VisualScripting.YamlDotNet.dll
Symbol file LoadedFromMemory doesn't match image C:\Users\germanip\Documents\GitHub\Redes\UDP_SERIALIZE\Library\PackageCache\com.unity.visualscripting@1.6.1\Editor\VisualScripting.Core\Dependencies\DotNetZip\Unity.VisualScripting.IonicZip.dll
Native extension for WindowsStandalone target not found
Native extension for OSXStandalone target not found
Refreshing native plugins compatible for Editor in 0.83 ms, found 3 plugins.
Preloading 0 native plugins for Editor in 0.00 ms.
Mono: successfully reloaded assembly
- Completed reload, in  1.793 seconds
Domain Reload Profiling:
	ReloadAssembly (1793ms)
		BeginReloadAssembly (148ms)
			ExecutionOrderSort (0ms)
			DisableScriptedObjects (6ms)
			BackupInstance (0ms)
			ReleaseScriptingObjects (0ms)
			CreateAndSetChildDomain (47ms)
		EndReloadAssembly (1566ms)
			LoadAssemblies (115ms)
			RebuildTransferFunctionScriptingTraits (0ms)
			SetupTypeCache (451ms)
			ReleaseScriptCaches (1ms)
			RebuildScriptCaches (68ms)
			SetupLoadedEditorAssemblies (771ms)
				LogAssemblyErrors (0ms)
				InitializePlatformSupportModulesInManaged (7ms)
				SetLoadedEditorAssemblies (1ms)
				RefreshPlugins (1ms)
				BeforeProcessingInitializeOnLoad (68ms)
				ProcessInitializeOnLoadAttributes (682ms)
				ProcessInitializeOnLoadMethodAttributes (7ms)
				AfterProcessingInitializeOnLoad (4ms)
				EditorAssembliesLoaded (0ms)
			ExecutionOrderSort2 (0ms)
			AwakeInstancesAfterBackupRestoration (11ms)
Platform modules already initialized, skipping
Refreshing native plugins compatible for Editor in 0.85 ms, found 3 plugins.
Preloading 0 native plugins for Editor in 0.00 ms.
Unloading 2935 Unused Serialized files (Serialized files now loaded: 0)
System memory in use before: 105.7 MB.
System memory in use after: 105.9 MB.

Unloading 18 unused Assets to reduce memory usage. Loaded Objects now: 3402.
Total: 3.115400 ms (FindLiveObjects: 0.244200 ms CreateObjectMapping: 0.148200 ms MarkObjects: 2.657900 ms  DeleteObjects: 0.063400 ms)

AssetImportParameters requested are different than current active one (requested -> active):
  custom:framework-win-MediaFoundation: 216162199b28c13a410421893ffa2e32 -> 
  custom:video-decoder-ogg-theora: a1e56fd34408186e4bbccfd4996cb3dc -> 
  custom:container-muxer-webm: aa71ff27fc2769a1b78a27578f13a17b -> 
  custom:container-demuxer-webm: 4f35f7cbe854078d1ac9338744f61a02 -> 
  custom:container-demuxer-ogg: 62fdf1f143b41e24485cea50d1cbac27 -> 
  custom:video-encoder-webm-vp8: eb34c28f22e8b96e1ab97ce403110664 -> 
  custom:video-decoder-webm-vp8: 9c59270c3fd7afecdb556c50c9e8de78 -> 
  custom:audio-decoder-ogg-vorbis: bf7c407c2cedff20999df2af8eb42d56 -> 
  custom:audio-encoder-webm-vorbis: bf7c407c2cedff20999df2af8eb42d56 -> 
AssetImportWorkerClient::OnTransportError - code=2 error=End of file
